<?xml version="1.0" encoding="UTF-8"?>
<testng-results skipped="0" failed="0" total="1" passed="1">
  <reporter-output>
  </reporter-output>
  <suite name="Default suite" duration-ms="3780" started-at="2020-04-26T14:29:23Z" finished-at="2020-04-26T14:29:27Z">
    <groups>
    </groups>
    <test name="Default test" duration-ms="3780" started-at="2020-04-26T14:29:23Z" finished-at="2020-04-26T14:29:27Z">
      <class name="TestCases.GetRequest">
        <test-method status="PASS" signature="getRequest1()[pri:0, instance:TestCases.GetRequest@3d24753a]" name="getRequest1" duration-ms="3768" started-at="2020-04-26T19:59:23Z" finished-at="2020-04-26T19:59:27Z">
          <reporter-output>
          </reporter-output>
        </test-method> <!-- getRequest1 -->
      </class> <!-- TestCases.GetRequest -->
    </test> <!-- Default test -->
  </suite> <!-- Default suite -->
</testng-results>
